2026-05-25 18:36:00,739 - INFO - -----------knn----------------
2026-05-25 18:36:00,767 - INFO - [[745 311]
 [ 98 255]]
2026-05-25 18:36:00,768 - INFO - 0.7097232079489
2026-05-25 18:36:00,774 - INFO -               precision    recall  f1-score   support

           0       0.88      0.71      0.78      1056
           1       0.45      0.72      0.55       353

    accuracy                           0.71      1409
   macro avg       0.67      0.71      0.67      1409
weighted avg       0.78      0.71      0.73      1409

2026-05-25 18:36:00,797 - INFO - -----------Naive Bayes----------------
2026-05-25 18:36:00,802 - INFO - [[779 277]
 [ 75 278]]
2026-05-25 18:36:00,803 - INFO - 0.7501774308019872
2026-05-25 18:36:00,809 - INFO -               precision    recall  f1-score   support

           0       0.91      0.74      0.82      1056
           1       0.50      0.79      0.61       353

    accuracy                           0.75      1409
   macro avg       0.71      0.76      0.71      1409
weighted avg       0.81      0.75      0.76      1409

2026-05-25 18:36:00,810 - INFO - -----------LR----------------
2026-05-25 18:36:00,823 - INFO - [[797 259]
 [ 78 275]]
2026-05-25 18:36:00,824 - INFO - 0.7608232789212207
2026-05-25 18:36:00,828 - INFO -               precision    recall  f1-score   support

           0       0.91      0.75      0.83      1056
           1       0.51      0.78      0.62       353

    accuracy                           0.76      1409
   macro avg       0.71      0.77      0.72      1409
weighted avg       0.81      0.76      0.77      1409

2026-05-25 18:36:00,829 - INFO - -----------dt----------------
2026-05-25 18:36:00,865 - INFO - [[840 216]
 [162 191]]
2026-05-25 18:36:00,866 - INFO - 0.7317246273953159
2026-05-25 18:36:00,871 - INFO -               precision    recall  f1-score   support

           0       0.84      0.80      0.82      1056
           1       0.47      0.54      0.50       353

    accuracy                           0.73      1409
   macro avg       0.65      0.67      0.66      1409
weighted avg       0.75      0.73      0.74      1409

2026-05-25 18:36:00,872 - INFO - -----------rf----------------
2026-05-25 18:36:00,913 - INFO - [[866 190]
 [157 196]]
2026-05-25 18:36:00,914 - INFO - 0.7537260468417317
2026-05-25 18:36:00,919 - INFO -               precision    recall  f1-score   support

           0       0.85      0.82      0.83      1056
           1       0.51      0.56      0.53       353

    accuracy                           0.75      1409
   macro avg       0.68      0.69      0.68      1409
weighted avg       0.76      0.75      0.76      1409

2026-05-25 18:36:00,921 - INFO - -----------adaboost----------------
2026-05-25 18:36:00,957 - INFO - [[781 275]
 [ 69 284]]
2026-05-25 18:36:00,958 - INFO - 0.7558552164655784
2026-05-25 18:36:00,963 - INFO -               precision    recall  f1-score   support

           0       0.92      0.74      0.82      1056
           1       0.51      0.80      0.62       353

    accuracy                           0.76      1409
   macro avg       0.71      0.77      0.72      1409
weighted avg       0.82      0.76      0.77      1409

2026-05-25 18:36:00,965 - INFO - -----------gradient boosting----------------
2026-05-25 18:36:01,006 - INFO - [[741 315]
 [ 59 294]]
2026-05-25 18:36:01,007 - INFO - 0.7345635202271115
2026-05-25 18:36:01,012 - INFO -               precision    recall  f1-score   support

           0       0.93      0.70      0.80      1056
           1       0.48      0.83      0.61       353

    accuracy                           0.73      1409
   macro avg       0.70      0.77      0.70      1409
weighted avg       0.82      0.73      0.75      1409

2026-05-25 18:36:01,013 - INFO - -----------xtreme GB----------------
2026-05-25 18:36:01,043 - INFO - [[846 210]
 [ 91 262]]
2026-05-25 18:36:01,044 - INFO - 0.7863733144073811
2026-05-25 18:36:01,050 - INFO -               precision    recall  f1-score   support

           0       0.90      0.80      0.85      1056
           1       0.56      0.74      0.64       353

    accuracy                           0.79      1409
   macro avg       0.73      0.77      0.74      1409
weighted avg       0.82      0.79      0.80      1409

2026-05-25 18:36:01,053 - INFO - -----------SVM----------------
2026-05-25 18:36:02,834 - INFO - [[847 209]
 [104 249]]
2026-05-25 18:36:02,834 - INFO - 0.7778566359119943
2026-05-25 18:36:02,839 - INFO -               precision    recall  f1-score   support

           0       0.89      0.80      0.84      1056
           1       0.54      0.71      0.61       353

    accuracy                           0.78      1409
   macro avg       0.72      0.75      0.73      1409
weighted avg       0.80      0.78      0.79      1409

2026-05-25 18:36:03,208 - INFO - ------------AUC and ROC-----------------
